This is XeTeX, Version 3.14159265-2.6-0.999992 (TeX Live 2020/W32TeX) (preloaded format=xelatex 2020.8.17)  5 OCT 2020 08:45
entering extended mode
 restricted \write18 enabled.
 %&-line parsing enabled.
**worstr.tex
(./worstr.tex
LaTeX2e <2020-02-02> patch level 5
L3 programming layer <2020-08-07> (c:/Users/stichds/AppData/Roaming/TinyTeX/tex
mf-dist/tex/latex/base/book.cls
Document Class: book 2019/12/20 v1.4l Standard LaTeX document class
(c:/Users/stichds/AppData/Roaming/TinyTeX/texmf-dist/tex/latex/base/bk10.clo
File: bk10.clo 2019/12/20 v1.4l Standard LaTeX file (size option)
)
\c@part=\count164
\c@chapter=\count165
\c@section=\count166
\c@subsection=\count167
\c@subsubsection=\count168
\c@paragraph=\count169
\c@subparagraph=\count170
\c@figure=\count171
\c@table=\count172
\abovecaptionskip=\skip47
\belowcaptionskip=\skip48
\bibindent=\dimen134
) (c:/Users/stichds/AppData/Roaming/TinyTeX/texmf-dist/tex/latex/lm/lmodern.sty
Package: lmodern 2009/10/30 v1.6 Latin Modern Fonts
LaTeX Font Info:    Overwriting symbol font `operators' in version `normal'
(Font)                  OT1/cmr/m/n --> OT1/lmr/m/n on input line 22.
LaTeX Font Info:    Overwriting symbol font `letters' in version `normal'
(Font)                  OML/cmm/m/it --> OML/lmm/m/it on input line 23.
LaTeX Font Info:    Overwriting symbol font `symbols' in version `normal'
(Font)                  OMS/cmsy/m/n --> OMS/lmsy/m/n on input line 24.
LaTeX Font Info:    Overwriting symbol font `largesymbols' in version `normal'
(Font)                  OMX/cmex/m/n --> OMX/lmex/m/n on input line 25.
LaTeX Font Info:    Overwriting symbol font `operators' in version `bold'
(Font)                  OT1/cmr/bx/n --> OT1/lmr/bx/n on input line 26.
LaTeX Font Info:    Overwriting symbol font `letters' in version `bold'
(Font)                  OML/cmm/b/it --> OML/lmm/b/it on input line 27.
LaTeX Font Info:    Overwriting symbol font `symbols' in version `bold'
(Font)                  OMS/cmsy/b/n --> OMS/lmsy/b/n on input line 28.
LaTeX Font Info:    Overwriting symbol font `largesymbols' in version `bold'
(Font)                  OMX/cmex/m/n --> OMX/lmex/m/n on input line 29.
LaTeX Font Info:    Overwriting math alphabet `\mathbf' in version `normal'
(Font)                  OT1/cmr/bx/n --> OT1/lmr/bx/n on input line 31.
LaTeX Font Info:    Overwriting math alphabet `\mathsf' in version `normal'
(Font)                  OT1/cmss/m/n --> OT1/lmss/m/n on input line 32.
LaTeX Font Info:    Overwriting math alphabet `\mathit' in version `normal'
(Font)                  OT1/cmr/m/it --> OT1/lmr/m/it on input line 33.
LaTeX Font Info:    Overwriting math alphabet `\mathtt' in version `normal'
(Font)                  OT1/cmtt/m/n --> OT1/lmtt/m/n on input line 34.
LaTeX Font Info:    Overwriting math alphabet `\mathbf' in version `bold'
(Font)                  OT1/cmr/bx/n --> OT1/lmr/bx/n on input line 35.
LaTeX Font Info:    Overwriting math alphabet `\mathsf' in version `bold'
(Font)                  OT1/cmss/bx/n --> OT1/lmss/bx/n on input line 36.
LaTeX Font Info:    Overwriting math alphabet `\mathit' in version `bold'
(Font)                  OT1/cmr/bx/it --> OT1/lmr/bx/it on input line 37.
LaTeX Font Info:    Overwriting math alphabet `\mathtt' in version `bold'
(Font)                  OT1/cmtt/m/n --> OT1/lmtt/m/n on input line 38.
)
(c:/Users/stichds/AppData/Roaming/TinyTeX/texmf-dist/tex/latex/amsfonts/amssymb
.sty
Package: amssymb 2013/01/14 v3.01 AMS font symbols

(c:/Users/stichds/AppData/Roaming/TinyTeX/texmf-dist/tex/latex/amsfonts/amsfont
s.sty
Package: amsfonts 2013/01/14 v3.01 Basic AMSFonts support
\@emptytoks=\toks15
\symAMSa=\mathgroup4
\symAMSb=\mathgroup5
LaTeX Font Info:    Redeclaring math symbol \hbar on input line 98.
LaTeX Font Info:    Overwriting math alphabet `\mathfrak' in version `bold'
(Font)                  U/euf/m/n --> U/euf/b/n on input line 106.
))
(c:/Users/stichds/AppData/Roaming/TinyTeX/texmf-dist/tex/latex/amsmath/amsmath.
sty
Package: amsmath 2020/01/20 v2.17e AMS math features
\@mathmargin=\skip49
For additional information on amsmath, use the `?' option.

(c:/Users/stichds/AppData/Roaming/TinyTeX/texmf-dist/tex/latex/amsmath/amstext.
sty
Package: amstext 2000/06/29 v2.01 AMS text

(c:/Users/stichds/AppData/Roaming/TinyTeX/texmf-dist/tex/latex/amsmath/amsgen.s
ty
File: amsgen.sty 1999/11/30 v2.0 generic functions
\@emptytoks=\toks16
\ex@=\dimen135
))
(c:/Users/stichds/AppData/Roaming/TinyTeX/texmf-dist/tex/latex/amsmath/amsbsy.s
ty
Package: amsbsy 1999/11/29 v1.2d Bold Symbols
\pmbraise@=\dimen136
)
(c:/Users/stichds/AppData/Roaming/TinyTeX/texmf-dist/tex/latex/amsmath/amsopn.s
ty
Package: amsopn 2016/03/08 v2.02 operator names
)
\inf@bad=\count173
LaTeX Info: Redefining \frac on input line 227.
\uproot@=\count174
\leftroot@=\count175
LaTeX Info: Redefining \overline on input line 389.
\classnum@=\count176
\DOTSCASE@=\count177
LaTeX Info: Redefining \ldots on input line 486.
LaTeX Info: Redefining \dots on input line 489.
LaTeX Info: Redefining \cdots on input line 610.
\Mathstrutbox@=\box45
\strutbox@=\box46
\big@size=\dimen137
LaTeX Font Info:    Redeclaring font encoding OML on input line 733.
LaTeX Font Info:    Redeclaring font encoding OMS on input line 734.
\macc@depth=\count178
\c@MaxMatrixCols=\count179
\dotsspace@=\muskip16
\c@parentequation=\count180
\dspbrk@lvl=\count181
\tag@help=\toks17
\row@=\count182
\column@=\count183
\maxfields@=\count184
\andhelp@=\toks18
\eqnshift@=\dimen138
\alignsep@=\dimen139
\tagshift@=\dimen140
\tagwidth@=\dimen141
\totwidth@=\dimen142
\lineht@=\dimen143
\@envbody=\toks19
\multlinegap=\skip50
\multlinetaggap=\skip51
\mathdisplay@stack=\toks20
LaTeX Info: Redefining \[ on input line 2859.
LaTeX Info: Redefining \] on input line 2860.
)
(c:/Users/stichds/AppData/Roaming/TinyTeX/texmf-dist/tex/generic/iftex/ifxetex.
sty
Package: ifxetex 2019/10/25 v0.7 ifxetex legacy package. Use iftex instead.

(c:/Users/stichds/AppData/Roaming/TinyTeX/texmf-dist/tex/generic/iftex/iftex.st
y
Package: iftex 2020/03/06 v1.0d TeX engine tests
))
(c:/Users/stichds/AppData/Roaming/TinyTeX/texmf-dist/tex/generic/iftex/ifluatex
.sty
Package: ifluatex 2019/10/25 v1.5 ifluatex legacy package. Use iftex instead.
)
(c:/Users/stichds/AppData/Roaming/TinyTeX/texmf-dist/tex/latex/unicode-math/uni
code-math.sty
(c:/Users/stichds/AppData/Roaming/TinyTeX/texmf-dist/tex/latex/l3kernel/expl3.s
ty
Package: expl3 2020-08-07 L3 programming layer (loader) 

(c:/Users/stichds/AppData/Roaming/TinyTeX/texmf-dist/tex/latex/l3backend/l3back
end-xdvipdfmx.def
File: l3backend-xdvipdfmx.def 2020-08-07 L3 backend support: xdvipdfmx
\g__graphics_track_int=\count185
\l__pdf_internal_box=\box47
\g__pdf_backend_object_int=\count186
\g__pdf_backend_annotation_int=\count187
))
Package: unicode-math 2020/01/31 v0.8q Unicode maths in XeLaTeX and LuaLaTeX

(c:/Users/stichds/AppData/Roaming/TinyTeX/texmf-dist/tex/latex/unicode-math/uni
code-math-xetex.sty
Package: unicode-math-xetex 2020/01/31 v0.8q Unicode maths in XeLaTeX and LuaLa
TeX

(c:/Users/stichds/AppData/Roaming/TinyTeX/texmf-dist/tex/latex/l3packages/xpars
e/xparse.sty
Package: xparse 2020-05-15 L3 Experimental document command parser

(c:/Users/stichds/AppData/Roaming/TinyTeX/texmf-dist/tex/latex/l3packages/xpars
e/xparse-generic.tex
\l__xparse_current_arg_int=\count188
\g__xparse_grabber_int=\count189
\l__xparse_m_args_int=\count190
\l__xparse_v_nesting_int=\count191
))
(c:/Users/stichds/AppData/Roaming/TinyTeX/texmf-dist/tex/latex/l3packages/l3key
s2e/l3keys2e.sty
Package: l3keys2e 2020-05-15 LaTeX2e option processing using LaTeX3 keys
)
(c:/Users/stichds/AppData/Roaming/TinyTeX/texmf-dist/tex/latex/fontspec/fontspe
c.sty
Package: fontspec 2020/02/21 v2.7i Font selection for XeLaTeX and LuaLaTeX

(c:/Users/stichds/AppData/Roaming/TinyTeX/texmf-dist/tex/latex/fontspec/fontspe
c-xetex.sty
Package: fontspec-xetex 2020/02/21 v2.7i Font selection for XeLaTeX and LuaLaTe
X
\l__fontspec_script_int=\count192
\l__fontspec_language_int=\count193
\l__fontspec_strnum_int=\count194
\l__fontspec_tmp_int=\count195
\l__fontspec_tmpa_int=\count196
\l__fontspec_tmpb_int=\count197
\l__fontspec_tmpc_int=\count198
\l__fontspec_em_int=\count199
\l__fontspec_emdef_int=\count266
\l__fontspec_strong_int=\count267
\l__fontspec_strongdef_int=\count268
\l__fontspec_tmpa_dim=\dimen144
\l__fontspec_tmpb_dim=\dimen145
\l__fontspec_tmpc_dim=\dimen146

(c:/Users/stichds/AppData/Roaming/TinyTeX/texmf-dist/tex/latex/base/fontenc.sty
Package: fontenc 2020/02/11 v2.0o Standard LaTeX package
)
(c:/Users/stichds/AppData/Roaming/TinyTeX/texmf-dist/tex/latex/fontspec/fontspe
c.cfg))) (c:/Users/stichds/AppData/Roaming/TinyTeX/texmf-dist/tex/latex/base/fi
x-cm.sty
Package: fix-cm 2015/01/14 v1.1t fixes to LaTeX
(c:/Users/stichds/AppData/Roaming/TinyTeX/texmf-dist/tex/latex/base/ts1enc.def
File: ts1enc.def 2001/06/05 v3.0e (jk/car/fm) Standard LaTeX file
LaTeX Font Info:    Redeclaring font encoding TS1 on input line 47.
))
\g__um_fam_int=\count269
\g__um_fonts_used_int=\count270
\l__um_primecount_int=\count271
\g__um_primekern_muskip=\muskip17

(c:/Users/stichds/AppData/Roaming/TinyTeX/texmf-dist/tex/latex/unicode-math/uni
code-math-table.tex)))
(c:/Users/stichds/AppData/Roaming/TinyTeX/texmf-dist/tex/latex/xcolor/xcolor.st
y
Package: xcolor 2016/05/11 v2.12 LaTeX color extensions (UK)

(c:/Users/stichds/AppData/Roaming/TinyTeX/texmf-dist/tex/latex/graphics-cfg/col
or.cfg
File: color.cfg 2016/01/02 v1.6 sample color configuration
)
Package xcolor Info: Driver file: xetex.def on input line 225.

(c:/Users/stichds/AppData/Roaming/TinyTeX/texmf-dist/tex/latex/graphics-def/xet
ex.def
File: xetex.def 2017/06/24 v5.0h Graphics/color driver for xetex
)
Package xcolor Info: Model `cmy' substituted by `cmy0' on input line 1348.
Package xcolor Info: Model `RGB' extended on input line 1364.
Package xcolor Info: Model `HTML' substituted by `rgb' on input line 1366.
Package xcolor Info: Model `Hsb' substituted by `hsb' on input line 1367.
Package xcolor Info: Model `tHsb' substituted by `hsb' on input line 1368.
Package xcolor Info: Model `HSB' substituted by `hsb' on input line 1369.
Package xcolor Info: Model `Gray' substituted by `gray' on input line 1370.
Package xcolor Info: Model `wave' substituted by `hsb' on input line 1371.
)
(c:/Users/stichds/AppData/Roaming/TinyTeX/texmf-dist/tex/latex/hyperref/hyperre
f.sty
Package: hyperref 2020-05-15 v7.00e Hypertext links for LaTeX

(c:/Users/stichds/AppData/Roaming/TinyTeX/texmf-dist/tex/generic/ltxcmds/ltxcmd
s.sty
Package: ltxcmds 2019/12/15 v1.24 LaTeX kernel commands for general use (HO)
)
(c:/Users/stichds/AppData/Roaming/TinyTeX/texmf-dist/tex/generic/pdftexcmds/pdf
texcmds.sty
Package: pdftexcmds 2020-06-27 v0.33 Utility functions of pdfTeX for LuaTeX (HO
)

(c:/Users/stichds/AppData/Roaming/TinyTeX/texmf-dist/tex/generic/infwarerr/infw
arerr.sty
Package: infwarerr 2019/12/03 v1.5 Providing info/warning/error messages (HO)
)
Package pdftexcmds Info: \pdf@primitive is available.
Package pdftexcmds Info: \pdf@ifprimitive is available.
Package pdftexcmds Info: \pdfdraftmode not found.
)
(c:/Users/stichds/AppData/Roaming/TinyTeX/texmf-dist/tex/latex/graphics/keyval.
sty
Package: keyval 2014/10/28 v1.15 key=value parser (DPC)
\KV@toks@=\toks21
)
(c:/Users/stichds/AppData/Roaming/TinyTeX/texmf-dist/tex/generic/kvsetkeys/kvse
tkeys.sty
Package: kvsetkeys 2019/12/15 v1.18 Key value parser (HO)
)
(c:/Users/stichds/AppData/Roaming/TinyTeX/texmf-dist/tex/generic/kvdefinekeys/k
vdefinekeys.sty
Package: kvdefinekeys 2019-12-19 v1.6 Define keys (HO)
)
(c:/Users/stichds/AppData/Roaming/TinyTeX/texmf-dist/tex/generic/pdfescape/pdfe
scape.sty
Package: pdfescape 2019/12/09 v1.15 Implements pdfTeX's escape features (HO)
)
(c:/Users/stichds/AppData/Roaming/TinyTeX/texmf-dist/tex/latex/hycolor/hycolor.
sty
Package: hycolor 2020-01-27 v1.10 Color options for hyperref/bookmark (HO)
)
(c:/Users/stichds/AppData/Roaming/TinyTeX/texmf-dist/tex/latex/letltxmacro/letl
txmacro.sty
Package: letltxmacro 2019/12/03 v1.6 Let assignment for LaTeX macros (HO)
)
(c:/Users/stichds/AppData/Roaming/TinyTeX/texmf-dist/tex/latex/auxhook/auxhook.
sty
Package: auxhook 2019-12-17 v1.6 Hooks for auxiliary files (HO)
)
(c:/Users/stichds/AppData/Roaming/TinyTeX/texmf-dist/tex/latex/kvoptions/kvopti
ons.sty
Package: kvoptions 2019/11/29 v3.13 Key value format for package options (HO)
)
\@linkdim=\dimen147
\Hy@linkcounter=\count272
\Hy@pagecounter=\count273

(c:/Users/stichds/AppData/Roaming/TinyTeX/texmf-dist/tex/latex/hyperref/pd1enc.
def
File: pd1enc.def 2020-05-15 v7.00e Hyperref: PDFDocEncoding definition (HO)
)
(c:/Users/stichds/AppData/Roaming/TinyTeX/texmf-dist/tex/generic/intcalc/intcal
c.sty
Package: intcalc 2019/12/15 v1.3 Expandable calculations with integers (HO)
)
(c:/Users/stichds/AppData/Roaming/TinyTeX/texmf-dist/tex/generic/etexcmds/etexc
mds.sty
Package: etexcmds 2019/12/15 v1.7 Avoid name clashes with e-TeX commands (HO)
)
\Hy@SavedSpaceFactor=\count274
Package hyperref Info: Option `unicode' set `true' on input line 4338.

(c:/Users/stichds/AppData/Roaming/TinyTeX/texmf-dist/tex/latex/hyperref/puenc.d
ef
File: puenc.def 2020-05-15 v7.00e Hyperref: PDF Unicode definition (HO)
)
Package hyperref Info: Hyper figures OFF on input line 4464.
Package hyperref Info: Link nesting OFF on input line 4469.
Package hyperref Info: Hyper index ON on input line 4472.
Package hyperref Info: Plain pages OFF on input line 4479.
Package hyperref Info: Backreferencing OFF on input line 4484.
Package hyperref Info: Implicit mode ON; LaTeX internals redefined.
Package hyperref Info: Bookmarks ON on input line 4717.
\c@Hy@tempcnt=\count275
(c:/Users/stichds/AppData/Roaming/TinyTeX/texmf-dist/tex/latex/url/url.sty
\Urlmuskip=\muskip18
Package: url 2013/09/16  ver 3.4  Verb mode for urls, etc.
)
LaTeX Info: Redefining \url on input line 5076.
\XeTeXLinkMargin=\dimen148

(c:/Users/stichds/AppData/Roaming/TinyTeX/texmf-dist/tex/generic/bitset/bitset.
sty
Package: bitset 2019/12/09 v1.3 Handle bit-vector datatype (HO)

(c:/Users/stichds/AppData/Roaming/TinyTeX/texmf-dist/tex/generic/bigintcalc/big
intcalc.sty
Package: bigintcalc 2019/12/15 v1.5 Expandable calculations on big integers (HO
)
))
\Fld@menulength=\count276
\Field@Width=\dimen149
\Fld@charsize=\dimen150
Package hyperref Info: Hyper figures OFF on input line 6347.
Package hyperref Info: Link nesting OFF on input line 6352.
Package hyperref Info: Hyper index ON on input line 6355.
Package hyperref Info: backreferencing OFF on input line 6362.
Package hyperref Info: Link coloring OFF on input line 6367.
Package hyperref Info: Link coloring with OCG OFF on input line 6372.
Package hyperref Info: PDF/A mode OFF on input line 6377.
LaTeX Info: Redefining \ref on input line 6417.
LaTeX Info: Redefining \pageref on input line 6421.

(c:/Users/stichds/AppData/Roaming/TinyTeX/texmf-dist/tex/generic/atbegshi/atbeg
shi.sty
Package: atbegshi 2019/12/05 v1.19 At begin shipout hook (HO)
)
\Hy@abspage=\count277
\c@Item=\count278
\c@Hfootnote=\count279
)
Package hyperref Info: Driver (autodetected): hxetex.

(c:/Users/stichds/AppData/Roaming/TinyTeX/texmf-dist/tex/latex/hyperref/hxetex.
def
File: hxetex.def 2020-05-15 v7.00e Hyperref driver for XeTeX

(c:/Users/stichds/AppData/Roaming/TinyTeX/texmf-dist/tex/generic/stringenc/stri
ngenc.sty
Package: stringenc 2019/11/29 v1.12 Convert strings between diff. encodings (HO
)
)
\pdfm@box=\box48
\c@Hy@AnnotLevel=\count280
\HyField@AnnotCount=\count281
\Fld@listcount=\count282
\c@bookmark@seq@number=\count283

(c:/Users/stichds/AppData/Roaming/TinyTeX/texmf-dist/tex/latex/rerunfilecheck/r
erunfilecheck.sty
Package: rerunfilecheck 2019/12/05 v1.9 Rerun checks for auxiliary files (HO)

(c:/Users/stichds/AppData/Roaming/TinyTeX/texmf-dist/tex/latex/atveryend/atvery
end.sty
Package: atveryend 2019-12-11 v1.11 Hooks at the very end of document (HO)
Package atveryend Info: \enddocument detected (standard20110627).
)
(c:/Users/stichds/AppData/Roaming/TinyTeX/texmf-dist/tex/generic/uniquecounter/
uniquecounter.sty
Package: uniquecounter 2019/12/15 v1.4 Provide unlimited unique counter (HO)
)
Package uniquecounter Info: New unique counter `rerunfilecheck' on input line 2
86.
)
\Hy@SectionHShift=\skip52
)
(c:/Users/stichds/AppData/Roaming/TinyTeX/texmf-dist/tex/latex/fancyvrb/fancyvr
b.sty
Package: fancyvrb 2020/05/03 v3.6 verbatim text (tvz,hv)
\FV@CodeLineNo=\count284
\FV@InFile=\read2
\FV@TabBox=\box49
\c@FancyVerbLine=\count285
\FV@StepNumber=\count286
\FV@OutFile=\write3
)
(c:/Users/stichds/AppData/Roaming/TinyTeX/texmf-dist/tex/latex/framed/framed.st
y
Package: framed 2011/10/22 v 0.96: framed or shaded text with page breaks
\OuterFrameSep=\skip53
\fb@frw=\dimen151
\fb@frh=\dimen152
\FrameRule=\dimen153
\FrameSep=\dimen154
)
(c:/Users/stichds/AppData/Roaming/TinyTeX/texmf-dist/tex/latex/tools/longtable.
sty
Package: longtable 2020/01/07 v4.13 Multi-page Table package (DPC)
\LTleft=\skip54
\LTright=\skip55
\LTpre=\skip56
\LTpost=\skip57
\LTchunksize=\count287
\LTcapwidth=\dimen155
\LT@head=\box50
\LT@firsthead=\box51
\LT@foot=\box52
\LT@lastfoot=\box53
\LT@cols=\count288
\LT@rows=\count289
\c@LT@tables=\count290
\c@LT@chunks=\count291
\LT@p@ftn=\toks22
)
(c:/Users/stichds/AppData/Roaming/TinyTeX/texmf-dist/tex/latex/booktabs/booktab
s.sty
Package: booktabs 2020/01/12 v1.61803398 Publication quality tables
\heavyrulewidth=\dimen156
\lightrulewidth=\dimen157
\cmidrulewidth=\dimen158
\belowrulesep=\dimen159
\belowbottomsep=\dimen160
\aboverulesep=\dimen161
\abovetopsep=\dimen162
\cmidrulesep=\dimen163
\cmidrulekern=\dimen164
\defaultaddspace=\dimen165
\@cmidla=\count292
\@cmidlb=\count293
\@aboverulesep=\dimen166
\@belowrulesep=\dimen167
\@thisruleclass=\count294
\@lastruleclass=\count295
\@thisrulewidth=\dimen168
)
(c:/Users/stichds/AppData/Roaming/TinyTeX/texmf-dist/tex/latex/etoolbox/etoolbo
x.sty
Package: etoolbox 2020/07/15 v2.5i e-TeX tools for LaTeX (JAW)
\etb@tempcnta=\count296
)
(c:/Users/stichds/AppData/Roaming/TinyTeX/texmf-dist/tex/latex/mdwtools/footnot
e.sty
Package: footnote 1997/01/28 1.13 Save footnotes around boxes
\fn@notes=\box54
\fn@width=\dimen169
)
(c:/Users/stichds/AppData/Roaming/TinyTeX/texmf-dist/tex/latex/graphics/graphic
x.sty
Package: graphicx 2019/11/30 v1.2a Enhanced LaTeX Graphics (DPC,SPQR)

(c:/Users/stichds/AppData/Roaming/TinyTeX/texmf-dist/tex/latex/graphics/graphic
s.sty
Package: graphics 2019/11/30 v1.4a Standard LaTeX Graphics (DPC,SPQR)

(c:/Users/stichds/AppData/Roaming/TinyTeX/texmf-dist/tex/latex/graphics/trig.st
y
Package: trig 2016/01/03 v1.10 sin cos tan (DPC)
)
(c:/Users/stichds/AppData/Roaming/TinyTeX/texmf-dist/tex/latex/graphics-cfg/gra
phics.cfg
File: graphics.cfg 2016/06/04 v1.11 sample graphics configuration
)
Package graphics Info: Driver file: xetex.def on input line 105.
)
\Gin@req@height=\dimen170
\Gin@req@width=\dimen171
)
(c:/Users/stichds/AppData/Roaming/TinyTeX/texmf-dist/tex/latex/grffile/grffile.
sty
Package: grffile 2019/11/11 v2.1 Extended file name support for graphics (legac
y)
Package grffile Info: This package is an empty stub for compatibility on input 
line 40.
)
(c:/Users/stichds/AppData/Roaming/TinyTeX/texmf-dist/tex/latex/natbib/natbib.st
y
Package: natbib 2010/09/13 8.31b (PWD, AO)
\bibhang=\skip58
\bibsep=\skip59
LaTeX Info: Redefining \cite on input line 694.
\c@NAT@ctr=\count297
) (./worstr.aux

LaTeX Warning: Label `normality' multiply defined.

)
\openout1 = `worstr.aux'.

LaTeX Font Info:    Checking defaults for OML/cmm/m/it on input line 118.
LaTeX Font Info:    ... okay on input line 118.
LaTeX Font Info:    Checking defaults for OMS/cmsy/m/n on input line 118.
LaTeX Font Info:    ... okay on input line 118.
LaTeX Font Info:    Checking defaults for OT1/cmr/m/n on input line 118.
LaTeX Font Info:    ... okay on input line 118.
LaTeX Font Info:    Checking defaults for T1/cmr/m/n on input line 118.
LaTeX Font Info:    ... okay on input line 118.
LaTeX Font Info:    Checking defaults for TS1/cmr/m/n on input line 118.
LaTeX Font Info:    ... okay on input line 118.
LaTeX Font Info:    Checking defaults for TU/lmr/m/n on input line 118.
LaTeX Font Info:    ... okay on input line 118.
LaTeX Font Info:    Checking defaults for OMX/cmex/m/n on input line 118.
LaTeX Font Info:    ... okay on input line 118.
LaTeX Font Info:    Checking defaults for U/cmr/m/n on input line 118.
LaTeX Font Info:    ... okay on input line 118.
LaTeX Font Info:    Checking defaults for PD1/pdf/m/n on input line 118.
LaTeX Font Info:    ... okay on input line 118.
LaTeX Font Info:    Checking defaults for PU/pdf/m/n on input line 118.
LaTeX Font Info:    ... okay on input line 118.
LaTeX Font Info:    Overwriting math alphabet `\mathrm' in version `normal'
(Font)                  OT1/lmr/m/n --> TU/lmr/m/n on input line 118.
LaTeX Font Info:    Overwriting math alphabet `\mathit' in version `normal'
(Font)                  OT1/lmr/m/it --> TU/lmr/m/it on input line 118.
LaTeX Font Info:    Overwriting math alphabet `\mathbf' in version `normal'
(Font)                  OT1/lmr/bx/n --> TU/lmr/bx/n on input line 118.
LaTeX Font Info:    Overwriting math alphabet `\mathsf' in version `normal'
(Font)                  OT1/lmss/m/n --> TU/lmss/m/n on input line 118.
LaTeX Font Info:    Overwriting math alphabet `\mathsf' in version `bold'
(Font)                  OT1/lmss/bx/n --> TU/lmss/bx/n on input line 118.
LaTeX Font Info:    Overwriting math alphabet `\mathtt' in version `normal'
(Font)                  OT1/lmtt/m/n --> TU/lmtt/m/n on input line 118.
LaTeX Font Info:    Overwriting math alphabet `\mathtt' in version `bold'
(Font)                  OT1/lmtt/m/n --> TU/lmtt/bx/n on input line 118.

Package fontspec Info: latinmodern-math scale = 0.9999964596882403.


Package fontspec Info: latinmodern-math scale = 0.9999964596882403.


Package fontspec Info: latinmodern-math scale = 0.9999964596882403.


Package fontspec Info: Font family 'latinmodern-math.otf(0)' created for font
(fontspec)             'latinmodern-math.otf' with options
(fontspec)             [Scale=MatchLowercase,BoldItalicFont={},ItalicFont={},Sm
allCapsFont={},Script=Math,BoldFont={latinmodern-math.otf}].
(fontspec)              
(fontspec)              This font family consists of the following NFSS
(fontspec)             series/shapes:
(fontspec)              
(fontspec)             - 'normal' (m/n) with NFSS spec.:
(fontspec)             <->s*[0.9999964596882403]"[latinmodern-math.otf]/OT:scri
pt=math;language=dflt;"
(fontspec)             - 'small caps'  (m/sc) with NFSS spec.: 
(fontspec)             - 'bold' (b/n) with NFSS spec.:
(fontspec)             <->s*[0.9999964596882403]"[latinmodern-math.otf]/OT:scri
pt=math;language=dflt;"
(fontspec)             - 'bold small caps'  (b/sc) with NFSS spec.: 

LaTeX Font Info:    Font shape `TU/latinmodern-math.otf(0)/m/n' will be
(Font)              scaled to size 10.0pt on input line 118.

Package fontspec Info: latinmodern-math scale = 0.9999964596882403.


Package fontspec Info: latinmodern-math scale = 0.9999964596882403.


Package fontspec Info: latinmodern-math scale = 0.9999964596882403.


Package fontspec Info: latinmodern-math scale = 0.9999964596882403.


Package fontspec Info: latinmodern-math scale = 0.9999964596882403.


Package fontspec Info: Font family 'latinmodern-math.otf(1)' created for font
(fontspec)             'latinmodern-math.otf' with options
(fontspec)             [Scale=MatchLowercase,BoldItalicFont={},ItalicFont={},Sm
allCapsFont={},Script=Math,SizeFeatures={{Size=8.5-},{Size=6-8.5,Font=latinmode
rn-math.otf,Style=MathScript},{Size=-6,Font=latinmodern-math.otf,Style=MathScri
ptScript}},BoldFont={latinmodern-math.otf}].
(fontspec)              
(fontspec)              This font family consists of the following NFSS
(fontspec)             series/shapes:
(fontspec)              
(fontspec)             - 'normal' (m/n) with NFSS spec.:
(fontspec)             <8.5->s*[0.9999964596882403]"[latinmodern-math.otf]/OT:s
cript=math;language=dflt;"<6-8.5>s*[0.9999964596882403]"[latinmodern-math.otf]/
OT:script=math;language=dflt;+ssty=0;"<-6>s*[0.9999964596882403]"[latinmodern-m
ath.otf]/OT:script=math;language=dflt;+ssty=1;"
(fontspec)             - 'small caps'  (m/sc) with NFSS spec.: 
(fontspec)             - 'bold' (b/n) with NFSS spec.:
(fontspec)             <->s*[0.9999964596882403]"[latinmodern-math.otf]/OT:scri
pt=math;language=dflt;"
(fontspec)             - 'bold small caps'  (b/sc) with NFSS spec.: 

LaTeX Font Info:    Font shape `TU/latinmodern-math.otf(1)/m/n' will be
(Font)              scaled to size 10.0pt on input line 118.
LaTeX Font Info:    Encoding `OT1' has changed to `TU' for symbol font
(Font)              `operators' in the math version `normal' on input line 118.

LaTeX Font Info:    Overwriting symbol font `operators' in version `normal'
(Font)                  OT1/lmr/m/n --> TU/latinmodern-math.otf(1)/m/n on input
 line 118.
LaTeX Font Info:    Encoding `OT1' has changed to `TU' for symbol font
(Font)              `operators' in the math version `bold' on input line 118.
LaTeX Font Info:    Overwriting symbol font `operators' in version `bold'
(Font)                  OT1/lmr/bx/n --> TU/latinmodern-math.otf(1)/b/n on inpu
t line 118.

Package fontspec Info: latinmodern-math scale = 0.9999964596882403.


Package fontspec Info: latinmodern-math scale = 1.000096459334209.


Package fontspec Info: latinmodern-math scale = 0.9999964596882403.


Package fontspec Info: latinmodern-math scale = 1.000096459334209.


Package fontspec Info: latinmodern-math scale = 0.9999964596882403.


Package fontspec Info: latinmodern-math scale = 1.000096459334209.


Package fontspec Info: latinmodern-math scale = 0.9999964596882403.


Package fontspec Info: latinmodern-math scale = 1.000096459334209.


Package fontspec Info: latinmodern-math scale = 0.9999964596882403.


Package fontspec Info: latinmodern-math scale = 1.000096459334209.


Package fontspec Info: Font family 'latinmodern-math.otf(2)' created for font
(fontspec)             'latinmodern-math.otf' with options
(fontspec)             [Scale=MatchLowercase,BoldItalicFont={},ItalicFont={},Sm
allCapsFont={},Script=Math,SizeFeatures={{Size=8.5-},{Size=6-8.5,Font=latinmode
rn-math.otf,Style=MathScript},{Size=-6,Font=latinmodern-math.otf,Style=MathScri
ptScript}},BoldFont={latinmodern-math.otf},ScaleAgain=1.0001,FontAdjustment={\f
ontdimen
(fontspec)             8\font =6.77pt\relax \fontdimen 9\font =3.94pt\relax
(fontspec)             \fontdimen 10\font =4.44pt\relax \fontdimen 11\font
(fontspec)             =6.86pt\relax \fontdimen 12\font =3.45pt\relax
(fontspec)             \fontdimen 13\font =3.63pt\relax \fontdimen 14\font
(fontspec)             =3.63pt\relax \fontdimen 15\font =2.89pt\relax
(fontspec)             \fontdimen 16\font =2.47pt\relax \fontdimen 17\font
(fontspec)             =2.47pt\relax \fontdimen 18\font =2.5pt\relax
(fontspec)             \fontdimen 19\font =2.0pt\relax \fontdimen 22\font
(fontspec)             =2.5pt\relax \fontdimen 20\font =0pt\relax \fontdimen
(fontspec)             21\font =0pt\relax }].
(fontspec)              
(fontspec)              This font family consists of the following NFSS
(fontspec)             series/shapes:
(fontspec)              
(fontspec)             - 'normal' (m/n) with NFSS spec.:
(fontspec)             <8.5->s*[1.000096459334209]"[latinmodern-math.otf]/OT:sc
ript=math;language=dflt;"<6-8.5>s*[1.000096459334209]"[latinmodern-math.otf]/OT
:script=math;language=dflt;+ssty=0;"<-6>s*[1.000096459334209]"[latinmodern-math
.otf]/OT:script=math;language=dflt;+ssty=1;"
(fontspec)             - 'small caps'  (m/sc) with NFSS spec.: 
(fontspec)             and font adjustment code:
(fontspec)             \fontdimen 8\font =6.77pt\relax \fontdimen 9\font
(fontspec)             =3.94pt\relax \fontdimen 10\font =4.44pt\relax
(fontspec)             \fontdimen 11\font =6.86pt\relax \fontdimen 12\font
(fontspec)             =3.45pt\relax \fontdimen 13\font =3.63pt\relax
(fontspec)             \fontdimen 14\font =3.63pt\relax \fontdimen 15\font
(fontspec)             =2.89pt\relax \fontdimen 16\font =2.47pt\relax
(fontspec)             \fontdimen 17\font =2.47pt\relax \fontdimen 18\font
(fontspec)             =2.5pt\relax \fontdimen 19\font =2.0pt\relax \fontdimen
(fontspec)             22\font =2.5pt\relax \fontdimen 20\font =0pt\relax
(fontspec)             \fontdimen 21\font =0pt\relax 
(fontspec)             - 'bold' (b/n) with NFSS spec.:
(fontspec)             <->s*[1.000096459334209]"[latinmodern-math.otf]/OT:scrip
t=math;language=dflt;"
(fontspec)             - 'bold small caps'  (b/sc) with NFSS spec.: 
(fontspec)             and font adjustment code:
(fontspec)             \fontdimen 8\font =6.77pt\relax \fontdimen 9\font
(fontspec)             =3.94pt\relax \fontdimen 10\font =4.44pt\relax
(fontspec)             \fontdimen 11\font =6.86pt\relax \fontdimen 12\font
(fontspec)             =3.45pt\relax \fontdimen 13\font =3.63pt\relax
(fontspec)             \fontdimen 14\font =3.63pt\relax \fontdimen 15\font
(fontspec)             =2.89pt\relax \fontdimen 16\font =2.47pt\relax
(fontspec)             \fontdimen 17\font =2.47pt\relax \fontdimen 18\font
(fontspec)             =2.5pt\relax \fontdimen 19\font =2.0pt\relax \fontdimen
(fontspec)             22\font =2.5pt\relax \fontdimen 20\font =0pt\relax
(fontspec)             \fontdimen 21\font =0pt\relax 

LaTeX Font Info:    Encoding `OMS' has changed to `TU' for symbol font
(Font)              `symbols' in the math version `normal' on input line 118.
LaTeX Font Info:    Overwriting symbol font `symbols' in version `normal'
(Font)                  OMS/lmsy/m/n --> TU/latinmodern-math.otf(2)/m/n on inpu
t line 118.
LaTeX Font Info:    Encoding `OMS' has changed to `TU' for symbol font
(Font)              `symbols' in the math version `bold' on input line 118.
LaTeX Font Info:    Overwriting symbol font `symbols' in version `bold'
(Font)                  OMS/lmsy/b/n --> TU/latinmodern-math.otf(2)/b/n on inpu
t line 118.

Package fontspec Info: latinmodern-math scale = 0.9999964596882403.


Package fontspec Info: latinmodern-math scale = 0.9998964600422715.


Package fontspec Info: latinmodern-math scale = 0.9999964596882403.


Package fontspec Info: latinmodern-math scale = 0.9998964600422715.


Package fontspec Info: latinmodern-math scale = 0.9999964596882403.


Package fontspec Info: latinmodern-math scale = 0.9998964600422715.


Package fontspec Info: latinmodern-math scale = 0.9999964596882403.


Package fontspec Info: latinmodern-math scale = 0.9998964600422715.


Package fontspec Info: latinmodern-math scale = 0.9999964596882403.


Package fontspec Info: latinmodern-math scale = 0.9998964600422715.


Package fontspec Info: Font family 'latinmodern-math.otf(3)' created for font
(fontspec)             'latinmodern-math.otf' with options
(fontspec)             [Scale=MatchLowercase,BoldItalicFont={},ItalicFont={},Sm
allCapsFont={},Script=Math,SizeFeatures={{Size=8.5-},{Size=6-8.5,Font=latinmode
rn-math.otf,Style=MathScript},{Size=-6,Font=latinmodern-math.otf,Style=MathScri
ptScript}},BoldFont={latinmodern-math.otf},ScaleAgain=0.9999,FontAdjustment={\f
ontdimen
(fontspec)             8\font =0.4pt\relax \fontdimen 9\font =2.0pt\relax
(fontspec)             \fontdimen 10\font =1.67pt\relax \fontdimen 11\font
(fontspec)             =1.11pt\relax \fontdimen 12\font =6.0pt\relax
(fontspec)             \fontdimen 13\font =0pt\relax }].
(fontspec)              
(fontspec)              This font family consists of the following NFSS
(fontspec)             series/shapes:
(fontspec)              
(fontspec)             - 'normal' (m/n) with NFSS spec.:
(fontspec)             <8.5->s*[0.9998964600422715]"[latinmodern-math.otf]/OT:s
cript=math;language=dflt;"<6-8.5>s*[0.9998964600422715]"[latinmodern-math.otf]/
OT:script=math;language=dflt;+ssty=0;"<-6>s*[0.9998964600422715]"[latinmodern-m
ath.otf]/OT:script=math;language=dflt;+ssty=1;"
(fontspec)             - 'small caps'  (m/sc) with NFSS spec.: 
(fontspec)             and font adjustment code:
(fontspec)             \fontdimen 8\font =0.4pt\relax \fontdimen 9\font
(fontspec)             =2.0pt\relax \fontdimen 10\font =1.67pt\relax
(fontspec)             \fontdimen 11\font =1.11pt\relax \fontdimen 12\font
(fontspec)             =6.0pt\relax \fontdimen 13\font =0pt\relax 
(fontspec)             - 'bold' (b/n) with NFSS spec.:
(fontspec)             <->s*[0.9998964600422715]"[latinmodern-math.otf]/OT:scri
pt=math;language=dflt;"
(fontspec)             - 'bold small caps'  (b/sc) with NFSS spec.: 
(fontspec)             and font adjustment code:
(fontspec)             \fontdimen 8\font =0.4pt\relax \fontdimen 9\font
(fontspec)             =2.0pt\relax \fontdimen 10\font =1.67pt\relax
(fontspec)             \fontdimen 11\font =1.11pt\relax \fontdimen 12\font
(fontspec)             =6.0pt\relax \fontdimen 13\font =0pt\relax 

LaTeX Font Info:    Encoding `OMX' has changed to `TU' for symbol font
(Font)              `largesymbols' in the math version `normal' on input line 1
18.
LaTeX Font Info:    Overwriting symbol font `largesymbols' in version `normal'
(Font)                  OMX/lmex/m/n --> TU/latinmodern-math.otf(3)/m/n on inpu
t line 118.
LaTeX Font Info:    Encoding `OMX' has changed to `TU' for symbol font
(Font)              `largesymbols' in the math version `bold' on input line 118
.
LaTeX Font Info:    Overwriting symbol font `largesymbols' in version `bold'
(Font)                  OMX/lmex/m/n --> TU/latinmodern-math.otf(3)/b/n on inpu
t line 118.
\AtBeginShipoutBox=\box55
Package hyperref Info: Link coloring OFF on input line 118.

(c:/Users/stichds/AppData/Roaming/TinyTeX/texmf-dist/tex/latex/hyperref/nameref
.sty
Package: nameref 2019/09/16 v2.46 Cross-referencing by name of section

(c:/Users/stichds/AppData/Roaming/TinyTeX/texmf-dist/tex/latex/refcount/refcoun
t.sty
Package: refcount 2019/12/15 v3.6 Data extraction from label references (HO)
)
(c:/Users/stichds/AppData/Roaming/TinyTeX/texmf-dist/tex/generic/gettitlestring
/gettitlestring.sty
Package: gettitlestring 2019/12/15 v1.6 Cleanup title references (HO)
)
\c@section@level=\count298
)
LaTeX Info: Redefining \ref on input line 118.
LaTeX Info: Redefining \pageref on input line 118.
LaTeX Info: Redefining \nameref on input line 118.
(./worstr.out) (./worstr.out)
\@outlinefile=\write4
\openout4 = `worstr.out'.

LaTeX Font Info:    Font shape `TU/latinmodern-math.otf(1)/m/n' will be
(Font)              scaled to size 12.0pt on input line 120.
LaTeX Font Info:    Font shape `TU/latinmodern-math.otf(1)/m/n' will be
(Font)              scaled to size 8.0pt on input line 120.
LaTeX Font Info:    Font shape `TU/latinmodern-math.otf(1)/m/n' will be
(Font)              scaled to size 6.0pt on input line 120.
LaTeX Font Info:    Trying to load font information for OML+lmm on input line 1
20.
(c:/Users/stichds/AppData/Roaming/TinyTeX/texmf-dist/tex/latex/lm/omllmm.fd
File: omllmm.fd 2009/10/30 v1.6 Font defs for Latin Modern
)
LaTeX Font Info:    Font shape `TU/latinmodern-math.otf(2)/m/n' will be
(Font)              scaled to size 12.0011pt on input line 120.
LaTeX Font Info:    Font shape `TU/latinmodern-math.otf(2)/m/n' will be
(Font)              scaled to size 8.00073pt on input line 120.
LaTeX Font Info:    Font shape `TU/latinmodern-math.otf(2)/m/n' will be
(Font)              scaled to size 6.00055pt on input line 120.
LaTeX Font Info:    Font shape `TU/latinmodern-math.otf(3)/m/n' will be
(Font)              scaled to size 11.99872pt on input line 120.
LaTeX Font Info:    Font shape `TU/latinmodern-math.otf(3)/m/n' will be
(Font)              scaled to size 7.99915pt on input line 120.
LaTeX Font Info:    Font shape `TU/latinmodern-math.otf(3)/m/n' will be
(Font)              scaled to size 5.99936pt on input line 120.
LaTeX Font Info:    Trying to load font information for U+msa on input line 120
.

(c:/Users/stichds/AppData/Roaming/TinyTeX/texmf-dist/tex/latex/amsfonts/umsa.fd
File: umsa.fd 2013/01/14 v3.01 AMS symbols A
)
LaTeX Font Info:    Trying to load font information for U+msb on input line 120
.

(c:/Users/stichds/AppData/Roaming/TinyTeX/texmf-dist/tex/latex/amsfonts/umsb.fd
File: umsb.fd 2013/01/14 v3.01 AMS symbols B
) [1


] [2

] (./worstr.toc
LaTeX Font Info:    Font shape `TU/latinmodern-math.otf(1)/m/n' will be
(Font)              scaled to size 7.0pt on input line 5.
LaTeX Font Info:    Font shape `TU/latinmodern-math.otf(1)/m/n' will be
(Font)              scaled to size 5.0pt on input line 5.
LaTeX Font Info:    Font shape `TU/latinmodern-math.otf(2)/m/n' will be
(Font)              scaled to size 10.00092pt on input line 5.
LaTeX Font Info:    Font shape `TU/latinmodern-math.otf(2)/m/n' will be
(Font)              scaled to size 7.00064pt on input line 5.
LaTeX Font Info:    Font shape `TU/latinmodern-math.otf(2)/m/n' will be
(Font)              scaled to size 5.00046pt on input line 5.
LaTeX Font Info:    Font shape `TU/latinmodern-math.otf(3)/m/n' will be
(Font)              scaled to size 9.99893pt on input line 5.
LaTeX Font Info:    Font shape `TU/latinmodern-math.otf(3)/m/n' will be
(Font)              scaled to size 6.99925pt on input line 5.
LaTeX Font Info:    Font shape `TU/latinmodern-math.otf(3)/m/n' will be
(Font)              scaled to size 4.99947pt on input line 5.
[3] [4])
\tf@toc=\write5
\openout5 = `worstr.toc'.

[5] [6

] [7] [8

] [9] [10] [11

] [12

]
Chapter 1.
[13] [14] [15]
LaTeX Font Info:    Font shape `TU/lmtt/bx/n' in size <10> not available
(Font)              Font shape `TU/lmtt/b/n' tried instead on input line 227.
[16] [17] [18] [19] [20

]
Chapter 2.
[21] [22] [23] [24] [25] [26] [27] [28] [29] [30] [31] [32] [33] [34]
Overfull \hbox (1.5pt too wide) in paragraph at lines 1230--1230
[]\TU/lmtt/m/n/10 ##  $ Sepal.Width : num  3.5 3 3.2 3.1 3.6 3.9 3.4 3.4 2.9 3.
1 ...[] 
 []


Overfull \hbox (12.0pt too wide) in paragraph at lines 1230--1230
[]\TU/lmtt/m/n/10 ##  $ Petal.Length: num  1.4 1.4 1.3 1.5 1.4 1.7 1.4 1.5 1.4 
1.5 ...[] 
 []


Overfull \hbox (12.0pt too wide) in paragraph at lines 1230--1230
[]\TU/lmtt/m/n/10 ##  $ Petal.Width : num  0.2 0.2 0.2 0.2 0.2 0.4 0.3 0.2 0.2 
0.1 ...[] 
 []


Overfull \hbox (117.0pt too wide) in paragraph at lines 1230--1230
[]\TU/lmtt/m/n/10 ##  $ Species     : Factor w/ 3 levels "setosa","versicolor",
..: 1 1 1 1 1 1 1 1 1 1 ...[] 
 []

File: worstr_files/figure-latex/unnamed-chunk-54-1.pdf Graphic file (type pdf)
<use worstr_files/figure-latex/unnamed-chunk-54-1.pdf>

Underfull \vbox (badness 1163) has occurred while \output is active []

[35]
File: worstr_files/figure-latex/unnamed-chunk-54-2.pdf Graphic file (type pdf)
<use worstr_files/figure-latex/unnamed-chunk-54-2.pdf>
[36]
File: worstr_files/figure-latex/unnamed-chunk-54-3.pdf Graphic file (type pdf)
<use worstr_files/figure-latex/unnamed-chunk-54-3.pdf>
[37]
Overfull \hbox (85.5pt too wide) in paragraph at lines 1340--1340
[]\TU/lmtt/m/n/10 ##  [1]  0.5  1.0  1.5  2.0  2.5  3.0  3.5  4.0  4.5  5.0  5.
5  6.0  6.5  7.0  7.5[] 
 []


Overfull \hbox (90.75pt too wide) in paragraph at lines 1340--1340
[]\TU/lmtt/m/n/10 ##  [1] "a" "b" "c" "d" "a" "b" "c" "d" "a" "b" "c" "d" "a" "
b" "c" "d" "a" "b" "c"[] 
 []

[38] [39] [40

]
Chapter 3.
[41] [42]
Overfull \hbox (38.25pt too wide) in paragraph at lines 1454--1454
[]\TU/lmtt/m/n/10 ##  $ Sex           : Factor w/ 2 levels "B","R": 1 1 1 1 1 1
 1 1 1 1 ...[] 
 []


Overfull \hbox (75.0pt too wide) in paragraph at lines 1454--1454
[]\TU/lmtt/m/n/10 ##  $ yearCollected : int  2010 2010 2010 2010 2010 2010 2010
 2010 2010 2010 ...[] 
 []


Underfull \hbox (badness 10000) in paragraph at lines 1458--1459

 []


Underfull \hbox (badness 10000) in paragraph at lines 1460--1461

 []


Underfull \hbox (badness 10000) in paragraph at lines 1462--1463

 []


Underfull \hbox (badness 10000) in paragraph at lines 1464--1465

 []


Underfull \hbox (badness 10000) in paragraph at lines 1466--1468

 []

[43]
Overfull \hbox (43.5pt too wide) in paragraph at lines 1503--1503
[]\TU/lmtt/m/n/10 ##  Sex           Age            Length      yearCollected  b
ackCalculated[] 
 []


Overfull \hbox (38.25pt too wide) in paragraph at lines 1503--1503
[]\TU/lmtt/m/n/10 ##  B:9512   Min.   :1.000   Min.   : 3.00   Min.   :2010   M
ode :logical[] 
 []


Overfull \hbox (22.5pt too wide) in paragraph at lines 1503--1503
[]\TU/lmtt/m/n/10 ##  R:7434   1st Qu.:2.000   1st Qu.:31.00   1st Qu.:2011   F
ALSE:3046[] 
 []


Overfull \hbox (27.75pt too wide) in paragraph at lines 1503--1503
[]\TU/lmtt/m/n/10 ##           Median :3.000   Median :38.00   Median :2012   T
RUE :13900[] 
 []

[44] [45] [46] [47] [48] [49]
File: worstr_files/figure-latex/unnamed-chunk-77-1.pdf Graphic file (type pdf)
<use worstr_files/figure-latex/unnamed-chunk-77-1.pdf>

Underfull \vbox (badness 10000) has occurred while \output is active []

[50] [51]
File: worstr_files/figure-latex/unnamed-chunk-79-1.pdf Graphic file (type pdf)
<use worstr_files/figure-latex/unnamed-chunk-79-1.pdf>

Underfull \hbox (badness 10000) in paragraph at lines 1821--1823
[][]
 []

[52]
File: worstr_files/figure-latex/unnamed-chunk-81-1.pdf Graphic file (type pdf)
<use worstr_files/figure-latex/unnamed-chunk-81-1.pdf>
[53]
File: worstr_files/figure-latex/unnamed-chunk-83-1.pdf Graphic file (type pdf)
<use worstr_files/figure-latex/unnamed-chunk-83-1.pdf>

Underfull \hbox (badness 10000) in paragraph at lines 1877--1879
[][]
 []

[54]
Chapter 4.
[55

] [56]
File: worstr_files/figure-latex/unnamed-chunk-86-1.pdf Graphic file (type pdf)
<use worstr_files/figure-latex/unnamed-chunk-86-1.pdf>

Underfull \vbox (badness 10000) has occurred while \output is active []

[57]
File: worstr_files/figure-latex/unnamed-chunk-87-1.pdf Graphic file (type pdf)
<use worstr_files/figure-latex/unnamed-chunk-87-1.pdf>

Underfull \vbox (badness 10000) has occurred while \output is active []

[58] [59]
File: worstr_files/figure-latex/unnamed-chunk-88-1.pdf Graphic file (type pdf)
<use worstr_files/figure-latex/unnamed-chunk-88-1.pdf>
File: worstr_files/figure-latex/unnamed-chunk-91-1.pdf Graphic file (type pdf)
<use worstr_files/figure-latex/unnamed-chunk-91-1.pdf>

Underfull \vbox (badness 7397) has occurred while \output is active []

[60]
File: worstr_files/figure-latex/unnamed-chunk-92-1.pdf Graphic file (type pdf)
<use worstr_files/figure-latex/unnamed-chunk-92-1.pdf>

Underfull \vbox (badness 1102) has occurred while \output is active []

[61]
File: worstr_files/figure-latex/unnamed-chunk-93-1.pdf Graphic file (type pdf)
<use worstr_files/figure-latex/unnamed-chunk-93-1.pdf>

Underfull \vbox (badness 10000) has occurred while \output is active []

[62]
File: worstr_files/figure-latex/unnamed-chunk-94-1.pdf Graphic file (type pdf)
<use worstr_files/figure-latex/unnamed-chunk-94-1.pdf>

Underfull \vbox (badness 10000) has occurred while \output is active []

[63]
File: worstr_files/figure-latex/unnamed-chunk-95-1.pdf Graphic file (type pdf)
<use worstr_files/figure-latex/unnamed-chunk-95-1.pdf>

Underfull \vbox (badness 10000) has occurred while \output is active []

[64]
File: worstr_files/figure-latex/unnamed-chunk-96-1.pdf Graphic file (type pdf)
<use worstr_files/figure-latex/unnamed-chunk-96-1.pdf>

Underfull \vbox (badness 4569) has occurred while \output is active []

[65] [66]
File: worstr_files/figure-latex/unnamed-chunk-97-1.pdf Graphic file (type pdf)
<use worstr_files/figure-latex/unnamed-chunk-97-1.pdf>
File: worstr_files/figure-latex/unnamed-chunk-98-1.pdf Graphic file (type pdf)
<use worstr_files/figure-latex/unnamed-chunk-98-1.pdf>

Underfull \vbox (badness 10000) has occurred while \output is active []

[67]
LaTeX Font Info:    Font shape `TU/lmtt/bx/n' in size <14.4> not available
(Font)              Font shape `TU/lmtt/b/n' tried instead on input line 2179.
[68]
File: worstr_files/figure-latex/unnamed-chunk-99-1.pdf Graphic file (type pdf)
<use worstr_files/figure-latex/unnamed-chunk-99-1.pdf>
File: worstr_files/figure-latex/unnamed-chunk-100-1.pdf Graphic file (type pdf)

<use worstr_files/figure-latex/unnamed-chunk-100-1.pdf>

Underfull \vbox (badness 3019) has occurred while \output is active []

[69]
File: worstr_files/figure-latex/unnamed-chunk-101-1.pdf Graphic file (type pdf)

<use worstr_files/figure-latex/unnamed-chunk-101-1.pdf>

Underfull \vbox (badness 10000) has occurred while \output is active []

[70]
File: worstr_files/figure-latex/unnamed-chunk-102-1.pdf Graphic file (type pdf)

<use worstr_files/figure-latex/unnamed-chunk-102-1.pdf>

Underfull \vbox (badness 10000) has occurred while \output is active []

[71]
File: worstr_files/figure-latex/unnamed-chunk-104-1.pdf Graphic file (type pdf)

<use worstr_files/figure-latex/unnamed-chunk-104-1.pdf>
[72]
File: worstr_files/figure-latex/unnamed-chunk-105-1.pdf Graphic file (type pdf)

<use worstr_files/figure-latex/unnamed-chunk-105-1.pdf>

Underfull \vbox (badness 10000) has occurred while \output is active []

[73]
File: worstr_files/figure-latex/unnamed-chunk-107-1.pdf Graphic file (type pdf)

<use worstr_files/figure-latex/unnamed-chunk-107-1.pdf>

Underfull \hbox (badness 10000) in paragraph at lines 2342--2344
[][]
 []

[74]
File: worstr_files/figure-latex/unnamed-chunk-108-1.pdf Graphic file (type pdf)

<use worstr_files/figure-latex/unnamed-chunk-108-1.pdf>

Underfull \vbox (badness 10000) has occurred while \output is active []

[75]
File: worstr_files/figure-latex/unnamed-chunk-110-1.pdf Graphic file (type pdf)

<use worstr_files/figure-latex/unnamed-chunk-110-1.pdf>
[76]
File: worstr_files/figure-latex/unnamed-chunk-111-1.pdf Graphic file (type pdf)

<use worstr_files/figure-latex/unnamed-chunk-111-1.pdf>

Underfull \vbox (badness 10000) has occurred while \output is active []

[77]
File: worstr_files/figure-latex/unnamed-chunk-112-1.pdf Graphic file (type pdf)

<use worstr_files/figure-latex/unnamed-chunk-112-1.pdf>

Underfull \vbox (badness 10000) has occurred while \output is active []

[78]
File: worstr_files/figure-latex/unnamed-chunk-113-1.pdf Graphic file (type pdf)

<use worstr_files/figure-latex/unnamed-chunk-113-1.pdf>

Underfull \vbox (badness 10000) has occurred while \output is active []

[79]
File: worstr_files/figure-latex/unnamed-chunk-114-1.pdf Graphic file (type pdf)

<use worstr_files/figure-latex/unnamed-chunk-114-1.pdf>

Underfull \vbox (badness 10000) has occurred while \output is active []

[80] [81] [82

]
Chapter 5.

Underfull \vbox (badness 1342) has occurred while \output is active []

[83] [84] [85]
File: worstr_files/figure-latex/unnamed-chunk-117-1.pdf Graphic file (type pdf)

<use worstr_files/figure-latex/unnamed-chunk-117-1.pdf>
[86]
File: worstr_files/figure-latex/unnamed-chunk-118-1.pdf Graphic file (type pdf)

<use worstr_files/figure-latex/unnamed-chunk-118-1.pdf>
[87] [88]
File: worstr_files/figure-latex/unnamed-chunk-121-1.pdf Graphic file (type pdf)

<use worstr_files/figure-latex/unnamed-chunk-121-1.pdf>
[89]
File: worstr_files/figure-latex/unnamed-chunk-123-1.pdf Graphic file (type pdf)

<use worstr_files/figure-latex/unnamed-chunk-123-1.pdf>

Underfull \vbox (badness 10000) has occurred while \output is active []

[90] [91]
File: worstr_files/figure-latex/unnamed-chunk-125-1.pdf Graphic file (type pdf)

<use worstr_files/figure-latex/unnamed-chunk-125-1.pdf>

Underfull \vbox (badness 10000) has occurred while \output is active []

[92] [93] [94] [95]
Overfull \hbox (38.25pt too wide) in paragraph at lines 2914--2914
[]\TU/lmtt/m/n/10 ##  [1] 0.03846154 0.03846154 0.03846154 0.03846154 0.0384615
4 0.03846154[] 
 []


Overfull \hbox (38.25pt too wide) in paragraph at lines 2914--2914
[]\TU/lmtt/m/n/10 ##  [7] 0.03846154 0.03846154 0.03846154 0.03846154 0.0384615
4 0.03846154[] 
 []


Overfull \hbox (38.25pt too wide) in paragraph at lines 2914--2914
[]\TU/lmtt/m/n/10 ## [13] 0.03846154 0.03846154 0.03846154 0.03846154 0.0384615
4 0.03846154[] 
 []


Overfull \hbox (38.25pt too wide) in paragraph at lines 2914--2914
[]\TU/lmtt/m/n/10 ## [19] 0.03846154 0.03846154 0.03846154 0.03846154 0.0384615
4 0.03846154[] 
 []

[96] [97] [98] [99]
File: worstr_files/figure-latex/unnamed-chunk-138-1.pdf Graphic file (type pdf)

<use worstr_files/figure-latex/unnamed-chunk-138-1.pdf>
[100]
File: worstr_files/figure-latex/unnamed-chunk-139-1.pdf Graphic file (type pdf)

<use worstr_files/figure-latex/unnamed-chunk-139-1.pdf>

Underfull \vbox (badness 10000) has occurred while \output is active []

[101]
File: worstr_files/figure-latex/unnamed-chunk-140-1.pdf Graphic file (type pdf)

<use worstr_files/figure-latex/unnamed-chunk-140-1.pdf>

Underfull \vbox (badness 10000) has occurred while \output is active []

[102]
File: worstr_files/figure-latex/unnamed-chunk-141-1.pdf Graphic file (type pdf)

<use worstr_files/figure-latex/unnamed-chunk-141-1.pdf>

Underfull \vbox (badness 10000) has occurred while \output is active []

[103]
File: worstr_files/figure-latex/unnamed-chunk-142-1.pdf Graphic file (type pdf)

<use worstr_files/figure-latex/unnamed-chunk-142-1.pdf>

Underfull \vbox (badness 10000) has occurred while \output is active []

[104]
File: worstr_files/figure-latex/unnamed-chunk-143-1.pdf Graphic file (type pdf)

<use worstr_files/figure-latex/unnamed-chunk-143-1.pdf>

Underfull \vbox (badness 10000) has occurred while \output is active []

[105]
File: worstr_files/figure-latex/unnamed-chunk-144-1.pdf Graphic file (type pdf)

<use worstr_files/figure-latex/unnamed-chunk-144-1.pdf>

Underfull \vbox (badness 10000) has occurred while \output is active []

[106] [107] [108] [109] [110] [111] [112] [113] [114

]
Chapter 6.
[115] [116] [117]
Overfull \hbox (43.5pt too wide) in paragraph at lines 3719--3719
[]\TU/lmtt/m/n/10 ##  [1] "statistic"   "parameter"   "p.value"     "conf.int" 
   "estimate"[] 
 []


Overfull \hbox (48.75pt too wide) in paragraph at lines 3719--3719
[]\TU/lmtt/m/n/10 ##  [6] "null.value"  "stderr"      "alternative" "method"   
   "data.name"[] 
 []

[118] [119]
File: worstr_files/figure-latex/unnamed-chunk-163-1.pdf Graphic file (type pdf)

<use worstr_files/figure-latex/unnamed-chunk-163-1.pdf>

Underfull \hbox (badness 10000) in paragraph at lines 3809--3811
[][]
 []

[120] [121] [122] [123] [124]
Overfull \hbox (17.25pt too wide) in paragraph at lines 3967--3967
[]\TU/lmtt/m/n/10 ## alternative hypothesis: true difference in means is not eq
ual to 0[] 
 []


Overfull \hbox (12.0pt too wide) in paragraph at lines 4000--4000
[]\TU/lmtt/m/n/10 ## alternative hypothesis: true ratio of variances is not equ
al to 1[] 
 []

[125] [126]
File: worstr_files/figure-latex/unnamed-chunk-175-1.pdf Graphic file (type pdf)

<use worstr_files/figure-latex/unnamed-chunk-175-1.pdf>
[127]
File: worstr_files/figure-latex/unnamed-chunk-176-1.pdf Graphic file (type pdf)

<use worstr_files/figure-latex/unnamed-chunk-176-1.pdf>

Underfull \vbox (badness 10000) has occurred while \output is active []

[128] [129]
Overfull \hbox (75.0pt too wide) in paragraph at lines 4163--4163
[]\TU/lmtt/m/n/10 ##   Year Length Weight_kg Age cohort n_stocked     n acre   
ha nha     kg kg_ha[] 
 []


Overfull \hbox (75.0pt too wide) in paragraph at lines 4163--4163
[]\TU/lmtt/m/n/10 ## 1 2006   1262    23.154  12   1994      7000 25128 2957 12
03  21 129929   108[] 
 []


Overfull \hbox (75.0pt too wide) in paragraph at lines 4163--4163
[]\TU/lmtt/m/n/10 ## 2 2006   1138    23.923  10   1996      7000 25128 2957 12
03  21 129929   108[] 
 []


Overfull \hbox (75.0pt too wide) in paragraph at lines 4163--4163
[]\TU/lmtt/m/n/10 ## 3 2006   1187    18.614  10   1996      7000 25128 2957 12
03  21 129929   108[] 
 []


Overfull \hbox (75.0pt too wide) in paragraph at lines 4163--4163
[]\TU/lmtt/m/n/10 ## 4 2006   1207    19.522  12   1994      7000 25128 2957 12
03  21 129929   108[] 
 []


Overfull \hbox (75.0pt too wide) in paragraph at lines 4163--4163
[]\TU/lmtt/m/n/10 ## 5 2006   1086    21.285  10   1996      7000 25128 2957 12
03  21 129929   108[] 
 []


Overfull \hbox (75.0pt too wide) in paragraph at lines 4163--4163
[]\TU/lmtt/m/n/10 ## 6 2006   1095    18.160  12   1994      7000 25128 2957 12
03  21 129929   108[] 
 []

[130]
File: worstr_files/figure-latex/unnamed-chunk-180-1.pdf Graphic file (type pdf)

<use worstr_files/figure-latex/unnamed-chunk-180-1.pdf>
[131] [132]
Chapter 7.
[133

]
Overfull \hbox (27.75pt too wide) in paragraph at lines 4257--4257
[]\TU/lmtt/m/n/10 ##  $ weight: num  4.17 5.58 5.18 6.11 4.5 4.61 5.17 4.53 5.3
3 5.14 ...[] 
 []


Overfull \hbox (43.5pt too wide) in paragraph at lines 4257--4257
[]\TU/lmtt/m/n/10 ##  $ group : Factor w/ 3 levels "ctrl","trt1",..: 1 1 1 1 1 
1 1 1 1 1 ...[] 
 []

[134] [135] [136] [137] [138] [139]
File: worstr_files/figure-latex/unnamed-chunk-194-1.pdf Graphic file (type pdf)

<use worstr_files/figure-latex/unnamed-chunk-194-1.pdf>
[140] [141] [142]
File: worstr_files/figure-latex/unnamed-chunk-197-1.pdf Graphic file (type pdf)

<use worstr_files/figure-latex/unnamed-chunk-197-1.pdf>

Underfull \vbox (badness 10000) has occurred while \output is active []

[143] [144]
Overfull \hbox (6.75pt too wide) in paragraph at lines 4668--4668
[]\TU/lmtt/m/n/10 ##                             Estimate Std. Error t value Pr
(>|t|)[] 
 []


Overfull \hbox (27.75pt too wide) in paragraph at lines 4668--4668
[]\TU/lmtt/m/n/10 ## (Intercept)                  14.9250     0.7404  20.159 8.
40e-14 ***[] 
 []


Overfull \hbox (17.25pt too wide) in paragraph at lines 4668--4668
[]\TU/lmtt/m/n/10 ## speciesSpecies 2             -2.2500     1.0471  -2.149   
0.0455 *[] 
 []


Overfull \hbox (6.75pt too wide) in paragraph at lines 4668--4668
[]\TU/lmtt/m/n/10 ## speciesSpecies 3             -1.2000     1.0471  -1.146   
0.2668[] 
 []


Overfull \hbox (27.75pt too wide) in paragraph at lines 4668--4668
[]\TU/lmtt/m/n/10 ## genderMale                    6.1500     1.0471   5.874 1.
46e-05 ***[] 
 []


Overfull \hbox (6.75pt too wide) in paragraph at lines 4668--4668
[]\TU/lmtt/m/n/10 ## speciesSpecies 2:genderMale  -2.3750     1.4808  -1.604   
0.1261[] 
 []


Overfull \hbox (6.75pt too wide) in paragraph at lines 4668--4668
[]\TU/lmtt/m/n/10 ## speciesSpecies 3:genderMale  -1.3500     1.4808  -0.912   
0.3740[] 
 []

[145] [146] [147]
File: worstr_files/figure-latex/unnamed-chunk-203-1.pdf Graphic file (type pdf)

<use worstr_files/figure-latex/unnamed-chunk-203-1.pdf>
[148] [149]
Overfull \hbox (6.75pt too wide) in paragraph at lines 4890--4890
[]\TU/lmtt/m/n/10 ## lm(formula = Fertility ~ Agriculture + Examination + Educa
tion +[] 
 []


Underfull \vbox (badness 2443) has occurred while \output is active []

[150] [151] [152

]
Chapter 8.
File: worstr_files/figure-latex/unnamed-chunk-206-1.pdf Graphic file (type pdf)

<use worstr_files/figure-latex/unnamed-chunk-206-1.pdf>
[153] [154] [155] [156]
File: worstr_files/figure-latex/unnamed-chunk-214-1.pdf Graphic file (type pdf)

<use worstr_files/figure-latex/unnamed-chunk-214-1.pdf>
[157] [158

]
Chapter 9.
[159] [160] [161]
File: worstr_files/figure-latex/unnamed-chunk-218-1.pdf Graphic file (type pdf)

<use worstr_files/figure-latex/unnamed-chunk-218-1.pdf>

Underfull \vbox (badness 10000) has occurred while \output is active []

[162]
File: worstr_files/figure-latex/unnamed-chunk-219-1.pdf Graphic file (type pdf)

<use worstr_files/figure-latex/unnamed-chunk-219-1.pdf>

Underfull \vbox (badness 10000) has occurred while \output is active []

[163] [164]
File: worstr_files/figure-latex/unnamed-chunk-222-1.pdf Graphic file (type pdf)

<use worstr_files/figure-latex/unnamed-chunk-222-1.pdf>
File: worstr_files/figure-latex/unnamed-chunk-223-1.pdf Graphic file (type pdf)

<use worstr_files/figure-latex/unnamed-chunk-223-1.pdf>

Underfull \vbox (badness 10000) has occurred while \output is active []

[165]
File: worstr_files/figure-latex/unnamed-chunk-224-1.pdf Graphic file (type pdf)

<use worstr_files/figure-latex/unnamed-chunk-224-1.pdf>

Underfull \vbox (badness 10000) has occurred while \output is active []

[166]
File: worstr_files/figure-latex/unnamed-chunk-225-1.pdf Graphic file (type pdf)

<use worstr_files/figure-latex/unnamed-chunk-225-1.pdf>

Underfull \vbox (badness 10000) has occurred while \output is active []

[167] [168] [169]
File: worstr_files/figure-latex/unnamed-chunk-228-1.pdf Graphic file (type pdf)

<use worstr_files/figure-latex/unnamed-chunk-228-1.pdf>

Underfull \vbox (badness 4927) has occurred while \output is active []

[170] [171]
File: worstr_files/figure-latex/unnamed-chunk-229-1.pdf Graphic file (type pdf)

<use worstr_files/figure-latex/unnamed-chunk-229-1.pdf>
[172]
File: worstr_files/figure-latex/unnamed-chunk-230-1.pdf Graphic file (type pdf)

<use worstr_files/figure-latex/unnamed-chunk-230-1.pdf>
[173]
File: worstr_files/figure-latex/unnamed-chunk-231-1.pdf Graphic file (type pdf)

<use worstr_files/figure-latex/unnamed-chunk-231-1.pdf>
[174] [175]
File: worstr_files/figure-latex/unnamed-chunk-236-1.pdf Graphic file (type pdf)

<use worstr_files/figure-latex/unnamed-chunk-236-1.pdf>
[176]
File: worstr_files/figure-latex/unnamed-chunk-237-1.pdf Graphic file (type pdf)

<use worstr_files/figure-latex/unnamed-chunk-237-1.pdf>
[177]
File: worstr_files/figure-latex/unnamed-chunk-238-1.pdf Graphic file (type pdf)

<use worstr_files/figure-latex/unnamed-chunk-238-1.pdf>
[178]
File: worstr_files/figure-latex/unnamed-chunk-240-1.pdf Graphic file (type pdf)

<use worstr_files/figure-latex/unnamed-chunk-240-1.pdf>
[179]
File: worstr_files/figure-latex/unnamed-chunk-241-1.pdf Graphic file (type pdf)

<use worstr_files/figure-latex/unnamed-chunk-241-1.pdf>
[180]
File: worstr_files/figure-latex/unnamed-chunk-242-1.pdf Graphic file (type pdf)

<use worstr_files/figure-latex/unnamed-chunk-242-1.pdf>
[181] [182]
Chapter 10.
File: worstr_files/figure-latex/unnamed-chunk-244-1.pdf Graphic file (type pdf)

<use worstr_files/figure-latex/unnamed-chunk-244-1.pdf>
[183

] [184] [185]
Underfull \hbox (badness 1960) in paragraph at lines 5794--5795
[]\TU/lmr/m/n/10 For our plant model, we wrote \TU/lmtt/m/n/10 weight ~ group \
TU/lmr/m/n/10 in our call to \TU/lmtt/m/n/10 lm()
 []


Underfull \hbox (badness 1237) in paragraph at lines 5794--5795
\TU/lmr/m/n/10 and didnt have to think twice about what was happening after th
at.
 []


Overfull \hbox (6.75pt too wide) in paragraph at lines 5794--5795
\TU/lmtt/m/n/10 (Intercept)*model.matrix$\TU/lmr/m/n/10 (Intercept)\TU/lmtt/m/n
/10 + grouptrt1*model.matix$grouptrt1
 []

[186] [187]
Overfull \hbox (17.25pt too wide) in paragraph at lines 5866--5866
[]\TU/lmtt/m/n/10 ##  [5] "fitted.values" "assign"        "qr"            "df.r
esidual"[] 
 []

[188] [189]
File: worstr_files/figure-latex/unnamed-chunk-258-1.pdf Graphic file (type pdf)

<use worstr_files/figure-latex/unnamed-chunk-258-1.pdf>

Underfull \vbox (badness 4872) has occurred while \output is active []

[190]
File: worstr_files/figure-latex/unnamed-chunk-259-1.pdf Graphic file (type pdf)

<use worstr_files/figure-latex/unnamed-chunk-259-1.pdf>

Underfull \vbox (badness 10000) has occurred while \output is active []

[191]
File: worstr_files/figure-latex/unnamed-chunk-260-1.pdf Graphic file (type pdf)

<use worstr_files/figure-latex/unnamed-chunk-260-1.pdf>

Underfull \vbox (badness 10000) has occurred while \output is active []

[192]
File: worstr_files/figure-latex/unnamed-chunk-261-1.pdf Graphic file (type pdf)

<use worstr_files/figure-latex/unnamed-chunk-261-1.pdf>

Underfull \vbox (badness 10000) has occurred while \output is active []

[193]
File: worstr_files/figure-latex/unnamed-chunk-262-1.pdf Graphic file (type pdf)

<use worstr_files/figure-latex/unnamed-chunk-262-1.pdf>

Underfull \vbox (badness 10000) has occurred while \output is active []

[194] [195] [196] [197]
File: worstr_files/figure-latex/unnamed-chunk-270-1.pdf Graphic file (type pdf)

<use worstr_files/figure-latex/unnamed-chunk-270-1.pdf>
[198]
Overfull \hbox (80.25pt too wide) in paragraph at lines 6275--6275
[]\TU/lmtt/m/n/10 ##   (Intercept) lightsLED resinB resinC resinD lightsLED:res
inB lightsLED:resinC[] 
 []


Overfull \hbox (80.25pt too wide) in paragraph at lines 6275--6275
[]\TU/lmtt/m/n/10 ## 1           1         0      0      0      0              
  0                0[] 
 []


Overfull \hbox (80.25pt too wide) in paragraph at lines 6275--6275
[]\TU/lmtt/m/n/10 ## 2           1         0      0      0      0              
  0                0[] 
 []


Overfull \hbox (80.25pt too wide) in paragraph at lines 6275--6275
[]\TU/lmtt/m/n/10 ## 3           1         0      0      0      0              
  0                0[] 
 []


Overfull \hbox (80.25pt too wide) in paragraph at lines 6275--6275
[]\TU/lmtt/m/n/10 ## 4           1         0      0      0      0              
  0                0[] 
 []


Overfull \hbox (80.25pt too wide) in paragraph at lines 6275--6275
[]\TU/lmtt/m/n/10 ## 5           1         0      0      0      0              
  0                0[] 
 []


Overfull \hbox (80.25pt too wide) in paragraph at lines 6275--6275
[]\TU/lmtt/m/n/10 ## 6           1         0      0      0      0              
  0                0[] 
 []

[199]
File: worstr_files/figure-latex/unnamed-chunk-274-1.pdf Graphic file (type pdf)

<use worstr_files/figure-latex/unnamed-chunk-274-1.pdf>
[200] [201] [202]
Overfull \hbox (12.0pt too wide) in paragraph at lines 6469--6469
[]\TU/lmtt/m/n/10 ##              Fertility Agriculture Examination Education C
atholic[] 
 []


Overfull \hbox (12.0pt too wide) in paragraph at lines 6469--6469
[]\TU/lmtt/m/n/10 ## Courtelary        80.2        17.0          15        12  
   9.96[] 
 []


Overfull \hbox (12.0pt too wide) in paragraph at lines 6469--6469
[]\TU/lmtt/m/n/10 ## Delemont          83.1        45.1           6         9  
  84.84[] 
 []


Overfull \hbox (12.0pt too wide) in paragraph at lines 6469--6469
[]\TU/lmtt/m/n/10 ## Franches-Mnt      92.5        39.7           5         5  
  93.40[] 
 []


Overfull \hbox (12.0pt too wide) in paragraph at lines 6469--6469
[]\TU/lmtt/m/n/10 ## Moutier           85.8        36.5          12         7  
  33.77[] 
 []


Overfull \hbox (12.0pt too wide) in paragraph at lines 6469--6469
[]\TU/lmtt/m/n/10 ## Neuveville        76.9        43.5          17        15  
   5.16[] 
 []


Overfull \hbox (12.0pt too wide) in paragraph at lines 6469--6469
[]\TU/lmtt/m/n/10 ## Porrentruy        76.1        35.3           9         7  
  90.57[] 
 []

[203] [204]
File: worstr_files/figure-latex/unnamed-chunk-286-1.pdf Graphic file (type pdf)

<use worstr_files/figure-latex/unnamed-chunk-286-1.pdf>

Underfull \vbox (badness 10000) has occurred while \output is active []

[205] [206] [207] [208]
File: worstr_files/figure-latex/unnamed-chunk-293-1.pdf Graphic file (type pdf)

<use worstr_files/figure-latex/unnamed-chunk-293-1.pdf>
No file worstr.bbl.
Package atveryend Info: Empty hook `BeforeClearDocument' on input line 6687.
[209]
Package atveryend Info: Empty hook `AfterLastShipout' on input line 6687.
(./worstr.aux)
Package atveryend Info: Empty hook `AtVeryEndDocument' on input line 6687.
Package atveryend Info: Executing hook `AtEndAfterFileList' on input line 6687.

Package rerunfilecheck Info: File `worstr.out' has not changed.
(rerunfilecheck)             Checksum: 4C9AA53CF7B1017DDE384BB4372E9F0D;9965.

LaTeX Warning: There were multiply-defined labels.

Package atveryend Info: Empty hook `AtVeryVeryEnd' on input line 6687.
 ) 
Here is how much of TeX's memory you used:
 18002 strings out of 481691
 333608 string characters out of 5931753
 731017 words of memory out of 5000000
 34781 multiletter control sequences out of 15000+600000
 541611 words of font info for 91 fonts, out of 8000000 for 9000
 14 hyphenation exceptions out of 8191
 52i,6n,118p,1197b,459s stack positions out of 5000i,500n,10000p,200000b,80000s

Output written on worstr.pdf (209 pages).
